[9092:25388:0415/091317:VERBOSE1:crash_service_main.cc(76)] Session start. cmdline is [--reporter-url=https://crashreporter.atom.io --application-name=Atom --v=1]
[9092:25388:0415/091317:VERBOSE1:crash_service.cc(142)] window handle is 005D0220
[9092:25388:0415/091317:VERBOSE1:crash_service.cc(284)] pipe name is \\.\pipe\Atom Crash Service
dumps at C:\Users\qian\AppData\Local\Temp\Atom Crashes
[9092:25388:0415/091317:VERBOSE1:crash_service.cc(288)] checkpoint is C:\Users\qian\AppData\Local\Temp\Atom Crashes\crash_checkpoint.txt
server is https://crashreporter.atom.io
maximum 128 reports/day
reporter is electron-crash-service
[9092:25388:0415/091317:ERROR:crash_service.cc(295)] could not start dumper
[21904:20912:0415/095817:VERBOSE1:crash_service_main.cc(76)] Session start. cmdline is [--reporter-url=https://crashreporter.atom.io --application-name=Atom --v=1]
[21904:20912:0415/095817:VERBOSE1:crash_service.cc(142)] window handle is 001F019E
[21904:20912:0415/095817:VERBOSE1:crash_service.cc(284)] pipe name is \\.\pipe\Atom Crash Service
dumps at C:\Users\qian\AppData\Local\Temp\Atom Crashes
[21904:20912:0415/095817:VERBOSE1:crash_service.cc(288)] checkpoint is C:\Users\qian\AppData\Local\Temp\Atom Crashes\crash_checkpoint.txt
server is https://crashreporter.atom.io
maximum 128 reports/day
reporter is electron-crash-service
[21904:20912:0415/095817:ERROR:crash_service.cc(295)] could not start dumper
[7912:19000:0415/100130:VERBOSE1:crash_service_main.cc(76)] Session start. cmdline is [--reporter-url=https://crashreporter.atom.io --application-name=Atom --v=1]
[7912:19000:0415/100130:VERBOSE1:crash_service.cc(142)] window handle is 00220D2E
[7912:19000:0415/100130:VERBOSE1:crash_service.cc(284)] pipe name is \\.\pipe\Atom Crash Service
dumps at C:\Users\qian\AppData\Local\Temp\Atom Crashes
[7912:19000:0415/100130:VERBOSE1:crash_service.cc(288)] checkpoint is C:\Users\qian\AppData\Local\Temp\Atom Crashes\crash_checkpoint.txt
server is https://crashreporter.atom.io
maximum 128 reports/day
reporter is electron-crash-service
[7912:19000:0415/100130:ERROR:crash_service.cc(295)] could not start dumper
[16864:18988:0415/100323:VERBOSE1:crash_service_main.cc(76)] Session start. cmdline is [--reporter-url=https://crashreporter.atom.io --application-name=Atom --v=1]
[16864:18988:0415/100323:VERBOSE1:crash_service.cc(142)] window handle is 00090CCE
[16864:18988:0415/100323:VERBOSE1:crash_service.cc(284)] pipe name is \\.\pipe\Atom Crash Service
dumps at C:\Users\qian\AppData\Local\Temp\Atom Crashes
[16864:18988:0415/100323:VERBOSE1:crash_service.cc(288)] checkpoint is C:\Users\qian\AppData\Local\Temp\Atom Crashes\crash_checkpoint.txt
server is https://crashreporter.atom.io
maximum 128 reports/day
reporter is electron-crash-service
[16864:18988:0415/100323:ERROR:crash_service.cc(295)] could not start dumper
[4276:4292:0415/100331:VERBOSE1:crash_service_main.cc(76)] Session start. cmdline is [--reporter-url=https://crashreporter.atom.io --application-name=Atom --v=1]
[4276:4292:0415/100331:VERBOSE1:crash_service.cc(142)] window handle is 00180B08
[4276:4292:0415/100331:VERBOSE1:crash_service.cc(284)] pipe name is \\.\pipe\Atom Crash Service
dumps at C:\Users\qian\AppData\Local\Temp\Atom Crashes
[4276:4292:0415/100331:VERBOSE1:crash_service.cc(288)] checkpoint is C:\Users\qian\AppData\Local\Temp\Atom Crashes\crash_checkpoint.txt
server is https://crashreporter.atom.io
maximum 128 reports/day
reporter is electron-crash-service
[4276:4292:0415/100331:ERROR:crash_service.cc(295)] could not start dumper
[14256:24040:0415/201740:VERBOSE1:crash_service_main.cc(76)] Session start. cmdline is [--reporter-url=https://crashreporter.atom.io --application-name=Atom --v=1]
[14256:24040:0415/201740:VERBOSE1:crash_service.cc(142)] window handle is 0034098E
[14256:24040:0415/201740:VERBOSE1:crash_service.cc(284)] pipe name is \\.\pipe\Atom Crash Service
dumps at C:\Users\qian\AppData\Local\Temp\Atom Crashes
[14256:24040:0415/201740:VERBOSE1:crash_service.cc(288)] checkpoint is C:\Users\qian\AppData\Local\Temp\Atom Crashes\crash_checkpoint.txt
server is https://crashreporter.atom.io
maximum 128 reports/day
reporter is electron-crash-service
[14256:24040:0415/201740:ERROR:crash_service.cc(295)] could not start dumper
